<?xml version="1.0" encoding="UTF-8"?>
<testsuite name="LexerTest" tests="1" skipped="0" failures="0" errors="0" timestamp="2020-08-05T01:07:19" hostname="DESKTOP-NF9RDM7" time="0.056">
  <properties/>
  <testcase name="printUrlToken" classname="LexerTest" time="0.056"/>
  <system-out><![CDATA[URL
EOF
]]></system-out>
  <system-err><![CDATA[]]></system-err>
</testsuite>
